[debug] [2019-09-21T08:29:49.162Z] ----------------------------------------------------------------------
[debug] [2019-09-21T08:29:49.165Z] Command:       C:\Program Files\nodejs\node.exe C:\Users\Nils\AppData\Roaming\npm\node_modules\firebase-tools\lib\bin\firebase.js deploy
[debug] [2019-09-21T08:29:49.165Z] CLI Version:   7.3.2
[debug] [2019-09-21T08:29:49.165Z] Platform:      win32
[debug] [2019-09-21T08:29:49.165Z] Node Version:  v10.16.3
[debug] [2019-09-21T08:29:49.170Z] Time:          Sat Sep 21 2019 10:29:49 GMT+0200 (GMT+02:00)
[debug] [2019-09-21T08:29:49.170Z] ----------------------------------------------------------------------
[debug] 
[debug] [2019-09-21T08:29:49.179Z] > command requires scopes: ["email","openid","https://www.googleapis.com/auth/cloudplatformprojects.readonly","https://www.googleapis.com/auth/firebase","https://www.googleapis.com/auth/cloud-platform"]
[debug] [2019-09-21T08:29:49.180Z] > authorizing via signed-in user
[debug] [2019-09-21T08:29:49.180Z] [iam] checking project ng8-time-tracker for permissions ["firebase.projects.get","firebasehosting.sites.update"]
[debug] [2019-09-21T08:29:49.182Z] > refreshing access token with scopes: ["email","https://www.googleapis.com/auth/cloud-platform","https://www.googleapis.com/auth/cloudplatformprojects.readonly","https://www.googleapis.com/auth/firebase","openid"]
[debug] [2019-09-21T08:29:49.183Z] >>> HTTP REQUEST POST https://www.googleapis.com/oauth2/v3/token  
 <request body omitted>
[debug] [2019-09-21T08:29:49.402Z] <<< HTTP RESPONSE 200
[debug] [2019-09-21T08:29:49.413Z] >>> HTTP REQUEST POST https://cloudresourcemanager.googleapis.com/v1/projects/ng8-time-tracker:testIamPermissions  

[debug] [2019-09-21T08:29:50.301Z] <<< HTTP RESPONSE 200
[debug] [2019-09-21T08:29:50.304Z] >>> HTTP REQUEST GET https://firebase.googleapis.com/v1beta1/projects/ng8-time-tracker  
 
[debug] [2019-09-21T08:29:50.623Z] <<< HTTP RESPONSE 200
[info] 
[info] === Deploying to 'ng8-time-tracker'...
[info] 
[info] i  deploying hosting
[debug] [2019-09-21T08:29:50.659Z] >>> HTTP REQUEST POST https://firebasehosting.googleapis.com/v1beta1/sites/ng8-time-tracker/versions  

[debug] [2019-09-21T08:29:52.179Z] <<< HTTP RESPONSE 200
